[2025-10-20 07:51:15] [WARNING] SQLite connection failed: could not find driver
[2025-10-20 07:51:15] [INFO] Using file-based database fallback
[2025-10-20 07:51:25] [WARNING] SQLite connection failed: could not find driver
[2025-10-20 07:51:25] [INFO] Using file-based database fallback
[2025-10-20 07:51:26] [INFO] Starting OCR extraction for image: C:\Users\Administrator\AppData\Local\Temp\php780A.tmp
[2025-10-20 07:51:26] [DEBUG] Executing OCR command: C:^\Users^\Administrator^\Downloads^\THESIS DOCS^\tesseract.exe "C:\Users\Administrator\AppData\Local\Temp\php780A.tmp" stdout 2>&1
[2025-10-20 07:51:26] [DEBUG] OCR command raw output: 'C:\Users\Administrator\Downloads\THESIS' is not recognized as an internal or external command,
operable program or batch file.
 (length: 128)
[2025-10-20 07:51:26] [INFO] OCR extraction completed successfully, extracted 127 characters
[2025-10-20 07:51:26] [INFO] Analysis stored in file-based fallback: C:\Users\Administrator\Documents\GitHub\LILAC-v.2.1\api/../data/analysis_1760946686_68f5e9fe10ee4.json
[2025-10-20 07:51:27] [WARNING] SQLite connection failed: could not find driver
[2025-10-20 07:51:27] [INFO] Using file-based database fallback
[2025-10-20 07:51:27] [WARNING] SQLite connection failed: could not find driver
[2025-10-20 07:51:27] [INFO] Using file-based database fallback
[2025-10-20 07:51:27] [WARNING] SQLite connection failed: could not find driver
[2025-10-20 07:51:27] [INFO] Using file-based database fallback
[2025-10-20 07:51:27] [WARNING] SQLite connection failed: could not find driver
[2025-10-20 07:51:27] [INFO] Using file-based database fallback
[2025-10-20 07:51:27] [WARNING] SQLite connection failed: could not find driver
[2025-10-20 07:51:27] [INFO] Using file-based database fallback
[2025-10-20 07:51:27] [WARNING] SQLite connection failed: could not find driver
[2025-10-20 07:51:27] [INFO] Using file-based database fallback
[2025-10-20 07:51:40] [WARNING] SQLite connection failed: could not find driver
[2025-10-20 07:51:40] [INFO] Using file-based database fallback
[2025-10-20 07:51:40] [WARNING] SQLite connection failed: could not find driver
[2025-10-20 07:51:40] [INFO] Using file-based database fallback
[2025-10-20 07:51:40] [WARNING] SQLite connection failed: could not find driver
[2025-10-20 07:51:40] [INFO] Using file-based database fallback
[2025-10-20 07:51:40] [WARNING] SQLite connection failed: could not find driver
[2025-10-20 07:51:40] [INFO] Using file-based database fallback
[2025-10-20 07:51:40] [WARNING] SQLite connection failed: could not find driver
[2025-10-20 07:51:40] [INFO] Using file-based database fallback
[2025-10-20 07:51:40] [WARNING] SQLite connection failed: could not find driver
[2025-10-20 07:51:40] [INFO] Using file-based database fallback
[2025-10-20 07:51:50] [WARNING] SQLite connection failed: could not find driver
[2025-10-20 07:51:50] [INFO] Using file-based database fallback
[2025-10-20 07:51:50] [INFO] Award deleted successfully: 68f5e9fe10b86_1760946686_Test_Award_3_Image.png, analysis_1760946686_68f5e9fe10ee4.json
[2025-10-20 07:51:50] [WARNING] SQLite connection failed: could not find driver
[2025-10-20 07:51:50] [INFO] Using file-based database fallback
[2025-10-20 07:51:50] [INFO] Award deleted successfully: 68f5e8c2c0a88_1760946370_Test_Award_3_Image.png, analysis_1760946370_68f5e8c2c0e10.json
[2025-10-20 07:51:50] [WARNING] SQLite connection failed: could not find driver
[2025-10-20 07:51:50] [INFO] Using file-based database fallback
[2025-10-20 07:51:50] [INFO] Award deleted successfully: 68f5e88d0d03d_1760946317_Test_Award_3_Image.png, analysis_1760946317_68f5e88d0d44e.json
[2025-10-20 07:51:50] [WARNING] SQLite connection failed: could not find driver
[2025-10-20 07:51:50] [INFO] Using file-based database fallback
[2025-10-20 07:51:50] [INFO] Award deleted successfully: 68f5e8b1560df_1760946353_Test_Award_3_Image.png, analysis_1760946353_68f5e8b1563bc.json
[2025-10-20 07:51:50] [WARNING] SQLite connection failed: could not find driver
[2025-10-20 07:51:50] [INFO] Using file-based database fallback
[2025-10-20 07:51:50] [INFO] Award deleted successfully: 68f5e294c8389_1760944788_Test_Award_3_Image.png, analysis_1760944788_68f5e294c883a.json
[2025-10-20 07:51:50] [WARNING] SQLite connection failed: could not find driver
[2025-10-20 07:51:50] [INFO] Using file-based database fallback
[2025-10-20 07:52:43] [WARNING] SQLite connection failed: could not find driver
[2025-10-20 07:52:43] [INFO] Using file-based database fallback
[2025-10-20 07:53:12] [WARNING] SQLite connection failed: could not find driver
[2025-10-20 07:53:12] [INFO] Using file-based database fallback
[2025-10-20 07:59:41] [WARNING] SQLite connection failed: could not find driver
[2025-10-20 07:59:41] [INFO] Using file-based database fallback
[2025-10-20 07:59:49] [WARNING] SQLite connection failed: could not find driver
[2025-10-20 07:59:49] [INFO] Using file-based database fallback
[2025-10-20 07:59:49] [INFO] Starting OCR extraction for image: C:\Users\Administrator\AppData\Local\Temp\php27C1.tmp
[2025-10-20 07:59:49] [DEBUG] Executing OCR command: C:^\Users^\Administrator^\Downloads^\THESIS DOCS^\tesseract.exe "C:\Users\Administrator\AppData\Local\Temp\php27C1.tmp" stdout 2>&1
[2025-10-20 07:59:49] [DEBUG] OCR command raw output: 'C:\Users\Administrator\Downloads\THESIS' is not recognized as an internal or external command,
operable program or batch file.
 (length: 128)
[2025-10-20 07:59:49] [INFO] OCR extraction completed successfully, extracted 127 characters
[2025-10-20 07:59:49] [INFO] Analysis stored in file-based fallback: C:\Users\Administrator\Documents\GitHub\LILAC-v.2.1\api/../data/analysis_1760947189_68f5ebf5cf06c.json
[2025-10-20 07:59:51] [WARNING] SQLite connection failed: could not find driver
[2025-10-20 07:59:51] [INFO] Using file-based database fallback
[2025-10-20 07:59:51] [WARNING] SQLite connection failed: could not find driver
[2025-10-20 07:59:51] [INFO] Using file-based database fallback
[2025-10-20 08:00:08] [WARNING] SQLite connection failed: could not find driver
[2025-10-20 08:00:08] [INFO] Using file-based database fallback
[2025-10-20 08:00:32] [WARNING] SQLite connection failed: could not find driver
[2025-10-20 08:00:32] [INFO] Using file-based database fallback
[2025-10-20 08:00:32] [INFO] Starting OCR extraction for image: C:\Users\Administrator\AppData\Local\Temp\phpCD0B.tmp
[2025-10-20 08:00:32] [DEBUG] Executing OCR command: C:^\Users^\Administrator^\Downloads^\THESIS DOCS^\tesseract.exe "C:\Users\Administrator\AppData\Local\Temp\phpCD0B.tmp" stdout 2>&1
[2025-10-20 08:00:32] [DEBUG] OCR command raw output: 'C:\Users\Administrator\Downloads\THESIS' is not recognized as an internal or external command,
operable program or batch file.
 (length: 128)
[2025-10-20 08:00:32] [INFO] OCR extraction completed successfully, extracted 127 characters
[2025-10-20 08:00:32] [INFO] Analysis stored in file-based fallback: C:\Users\Administrator\Documents\GitHub\LILAC-v.2.1\api/../data/analysis_1760947232_68f5ec201dca6.json
[2025-10-20 08:00:33] [WARNING] SQLite connection failed: could not find driver
[2025-10-20 08:00:33] [INFO] Using file-based database fallback
[2025-10-20 08:00:33] [WARNING] SQLite connection failed: could not find driver
[2025-10-20 08:00:33] [INFO] Using file-based database fallback
[2025-10-20 08:00:33] [WARNING] SQLite connection failed: could not find driver
[2025-10-20 08:00:33] [INFO] Using file-based database fallback
[2025-10-20 08:01:03] [WARNING] SQLite connection failed: could not find driver
[2025-10-20 08:01:03] [INFO] Using file-based database fallback
[2025-10-20 08:01:28] [WARNING] SQLite connection failed: could not find driver
[2025-10-20 08:01:28] [INFO] Using file-based database fallback
[2025-10-20 08:01:28] [INFO] Starting OCR extraction for image: C:\Users\Administrator\AppData\Local\Temp\phpA8F5.tmp
[2025-10-20 08:01:28] [DEBUG] Executing OCR command: C:^\Users^\Administrator^\Downloads^\THESIS DOCS^\tesseract.exe "C:\Users\Administrator\AppData\Local\Temp\phpA8F5.tmp" stdout 2>&1
[2025-10-20 08:01:28] [DEBUG] OCR command raw output: 'C:\Users\Administrator\Downloads\THESIS' is not recognized as an internal or external command,
operable program or batch file.
 (length: 128)
[2025-10-20 08:01:28] [INFO] OCR extraction completed successfully, extracted 127 characters
[2025-10-20 08:01:28] [INFO] Analysis stored in file-based fallback: C:\Users\Administrator\Documents\GitHub\LILAC-v.2.1\api/../data/analysis_1760947288_68f5ec586284a.json
[2025-10-20 08:01:29] [WARNING] SQLite connection failed: could not find driver
[2025-10-20 08:01:29] [INFO] Using file-based database fallback
[2025-10-20 08:01:29] [WARNING] SQLite connection failed: could not find driver
[2025-10-20 08:01:29] [INFO] Using file-based database fallback
[2025-10-20 08:01:29] [WARNING] SQLite connection failed: could not find driver
[2025-10-20 08:01:29] [INFO] Using file-based database fallback
[2025-10-20 08:01:29] [WARNING] SQLite connection failed: could not find driver
[2025-10-20 08:01:29] [INFO] Using file-based database fallback
